# JRE version: OpenJDK Runtime Environment (17.0.6) (build 17.0.6+0-b2043.56-10027231)
# Java VM: OpenJDK 64-Bit Server VM (17.0.6+0-b2043.56-10027231, mixed mode, tiered, compressed oops, compressed class ptrs, g1 gc, windows-amd64)
GC Precious Log:
 CPUs: 8 total, 8 available
 Memory: 16219M
 Large Page Support: Disabled
 NUMA Support: Disabled
 Compressed Oops: Enabled (32-bit)
 Heap Region Size: 1M
 Heap Min Capacity: 8M
 Heap Initial Capacity: 254M
 Heap Max Capacity: 1536M
 Pre-touch: Disabled
 Parallel Workers: 8
 Concurrent Workers: 2
 Concurrent Refinement Workers: 8
 Periodic GC: Disabled
Heap:
 garbage-first heap   total 68608K, used 39528K [0x00000000a0000000, 0x0000000100000000)
  region size 1024K, 15 young (15360K), 4 survivors (4096K)
 Metaspace       used 39702K, committed 40064K, reserved 1089536K
  class space    used 5234K, committed 5376K, reserved 1048576K
GC Heap History (14 events):
Event: 1.219 GC heap before
{Heap before GC invocations=0 (full 0):
 garbage-first heap   total 260096K, used 28672K [0x00000000a0000000, 0x0000000100000000)
  region size 1024K, 23 young (23552K), 0 survivors (0K)
 Metaspace       used 10234K, committed 10432K, reserved 1064960K
  class space    used 1056K, committed 1152K, reserved 1048576K
}
Event: 1.223 GC heap after
{Heap after GC invocations=1 (full 0):
 garbage-first heap   total 260096K, used 8762K [0x00000000a0000000, 0x0000000100000000)
  region size 1024K, 3 young (3072K), 3 survivors (3072K)
 Metaspace       used 10234K, committed 10432K, reserved 1064960K
  class space    used 1056K, committed 1152K, reserved 1048576K
}
Event: 1.842 GC heap before
{Heap before GC invocations=1 (full 0):
 garbage-first heap   total 260096K, used 39482K [0x00000000a0000000, 0x0000000100000000)
  region size 1024K, 32 young (32768K), 3 survivors (3072K)
 Metaspace       used 11205K, committed 11392K, reserved 1064960K
  class space    used 1170K, committed 1280K, reserved 1048576K
}
Event: 1.846 GC heap after
{Heap after GC invocations=2 (full 0):
 garbage-first heap   total 260096K, used 13924K [0x00000000a0000000, 0x0000000100000000)
  region size 1024K, 4 young (4096K), 4 survivors (4096K)
 Metaspace       used 11205K, committed 11392K, reserved 1064960K
  class space    used 1170K, committed 1280K, reserved 1048576K
}
Event: 3.140 GC heap before
{Heap before GC invocations=2 (full 0):
 garbage-first heap   total 260096K, used 51812K [0x00000000a0000000, 0x0000000100000000)
  region size 1024K, 42 young (43008K), 4 survivors (4096K)
 Metaspace       used 21282K, committed 21504K, reserved 1073152K
  class space    used 2627K, committed 2688K, reserved 1048576K
}
Event: 3.147 GC heap after
{Heap after GC invocations=3 (full 0):
 garbage-first heap   total 260096K, used 17746K [0x00000000a0000000, 0x0000000100000000)
  region size 1024K, 8 young (8192K), 8 survivors (8192K)
 Metaspace       used 21282K, committed 21504K, reserved 1073152K
  class space    used 2627K, committed 2688K, reserved 1048576K
}
Event: 3.802 GC heap before
{Heap before GC invocations=4 (full 0):
 garbage-first heap   total 68608K, used 50514K [0x00000000a0000000, 0x0000000100000000)
  region size 1024K, 40 young (40960K), 8 survivors (8192K)
 Metaspace       used 26653K, committed 26880K, reserved 1073152K
  class space    used 3511K, committed 3648K, reserved 1048576K
}
Event: 3.809 GC heap after
{Heap after GC invocations=5 (full 0):
 garbage-first heap   total 68608K, used 19403K [0x00000000a0000000, 0x0000000100000000)
  region size 1024K, 3 young (3072K), 3 survivors (3072K)
 Metaspace       used 26653K, committed 26880K, reserved 1073152K
  class space    used 3511K, committed 3648K, reserved 1048576K
}
Event: 4.449 GC heap before
{Heap before GC invocations=5 (full 0):
 garbage-first heap   total 68608K, used 47051K [0x00000000a0000000, 0x0000000100000000)
  region size 1024K, 30 young (30720K), 3 survivors (3072K)
 Metaspace       used 30719K, committed 30976K, reserved 1081344K
  class space    used 4185K, committed 4288K, reserved 1048576K
}
Event: 4.453 GC heap after
{Heap after GC invocations=6 (full 0):
 garbage-first heap   total 68608K, used 20636K [0x00000000a0000000, 0x0000000100000000)
  region size 1024K, 4 young (4096K), 4 survivors (4096K)
 Metaspace       used 30719K, committed 30976K, reserved 1081344K
  class space    used 4185K, committed 4288K, reserved 1048576K
}
Event: 4.931 GC heap before
{Heap before GC invocations=6 (full 0):
 garbage-first heap   total 68608K, used 39068K [0x00000000a0000000, 0x0000000100000000)
  region size 1024K, 23 young (23552K), 4 survivors (4096K)
 Metaspace       used 35852K, committed 36096K, reserved 1081344K
  class space    used 4771K, committed 4864K, reserved 1048576K
}
Event: 4.938 GC heap after
{Heap after GC invocations=7 (full 0):
 garbage-first heap   total 68608K, used 22831K [0x00000000a0000000, 0x0000000100000000)
  region size 1024K, 4 young (4096K), 4 survivors (4096K)
 Metaspace       used 35852K, committed 36096K, reserved 1081344K
  class space    used 4771K, committed 4864K, reserved 1048576K
}
Event: 5.480 GC heap before
{Heap before GC invocations=8 (full 0):
 garbage-first heap   total 68608K, used 48431K [0x00000000a0000000, 0x0000000100000000)
  region size 1024K, 30 young (30720K), 4 survivors (4096K)
 Metaspace       used 38627K, committed 38976K, reserved 1089536K
  class space    used 5089K, committed 5248K, reserved 1048576K
}
Event: 5.486 GC heap after
{Heap after GC invocations=9 (full 0):
 garbage-first heap   total 68608K, used 26216K [0x00000000a0000000, 0x0000000100000000)
  region size 1024K, 4 young (4096K), 4 survivors (4096K)
 Metaspace       used 38627K, committed 38976K, reserved 1089536K
  class space    used 5089K, committed 5248K, reserved 1048576K
}

