# JRE version: OpenJDK Runtime Environment (17.0.6) (build 17.0.6+0-b2043.56-10027231)
# Java VM: OpenJDK 64-Bit Server VM (17.0.6+0-b2043.56-10027231, mixed mode, tiered, compressed oops, compressed class ptrs, g1 gc, windows-amd64)
GC Precious Log:
 CPUs: 8 total, 8 available
 Memory: 16219M
 Large Page Support: Disabled
 NUMA Support: Disabled
 Compressed Oops: Enabled (32-bit)
 Heap Region Size: 1M
 Heap Min Capacity: 8M
 Heap Initial Capacity: 254M
 Heap Max Capacity: 1536M
 Pre-touch: Disabled
 Parallel Workers: 8
 Concurrent Workers: 2
 Concurrent Refinement Workers: 8
 Periodic GC: Disabled
Heap:
 garbage-first heap   total 124928K, used 79281K [0x00000000a0000000, 0x0000000100000000)
  region size 1024K, 11 young (11264K), 1 survivors (1024K)
 Metaspace       used 79459K, committed 80064K, reserved 1122304K
  class space    used 10510K, committed 10752K, reserved 1048576K
GC Heap History (20 events):
Event: 35.789 GC heap before
{Heap before GC invocations=38 (full 0):
 garbage-first heap   total 124928K, used 104482K [0x00000000a0000000, 0x0000000100000000)
  region size 1024K, 35 young (35840K), 1 survivors (1024K)
 Metaspace       used 76731K, committed 77312K, reserved 1122304K
  class space    used 10195K, committed 10432K, reserved 1048576K
}
Event: 35.791 GC heap after
{Heap after GC invocations=39 (full 0):
 garbage-first heap   total 124928K, used 69662K [0x00000000a0000000, 0x0000000100000000)
  region size 1024K, 1 young (1024K), 1 survivors (1024K)
 Metaspace       used 76731K, committed 77312K, reserved 1122304K
  class space    used 10195K, committed 10432K, reserved 1048576K
}
Event: 39.440 GC heap before
{Heap before GC invocations=39 (full 0):
 garbage-first heap   total 124928K, used 105502K [0x00000000a0000000, 0x0000000100000000)
  region size 1024K, 36 young (36864K), 1 survivors (1024K)
 Metaspace       used 76733K, committed 77312K, reserved 1122304K
  class space    used 10195K, committed 10432K, reserved 1048576K
}
Event: 39.441 GC heap after
{Heap after GC invocations=40 (full 0):
 garbage-first heap   total 124928K, used 69650K [0x00000000a0000000, 0x0000000100000000)
  region size 1024K, 1 young (1024K), 1 survivors (1024K)
 Metaspace       used 76733K, committed 77312K, reserved 1122304K
  class space    used 10195K, committed 10432K, reserved 1048576K
}
Event: 44.937 GC heap before
{Heap before GC invocations=40 (full 0):
 garbage-first heap   total 124928K, used 106514K [0x00000000a0000000, 0x0000000100000000)
  region size 1024K, 37 young (37888K), 1 survivors (1024K)
 Metaspace       used 76735K, committed 77312K, reserved 1122304K
  class space    used 10196K, committed 10432K, reserved 1048576K
}
Event: 44.940 GC heap after
{Heap after GC invocations=41 (full 0):
 garbage-first heap   total 124928K, used 69652K [0x00000000a0000000, 0x0000000100000000)
  region size 1024K, 1 young (1024K), 1 survivors (1024K)
 Metaspace       used 76735K, committed 77312K, reserved 1122304K
  class space    used 10196K, committed 10432K, reserved 1048576K
}
Event: 49.070 GC heap before
{Heap before GC invocations=41 (full 0):
 garbage-first heap   total 124928K, used 107540K [0x00000000a0000000, 0x0000000100000000)
  region size 1024K, 38 young (38912K), 1 survivors (1024K)
 Metaspace       used 76738K, committed 77312K, reserved 1122304K
  class space    used 10196K, committed 10432K, reserved 1048576K
}
Event: 49.071 GC heap after
{Heap after GC invocations=42 (full 0):
 garbage-first heap   total 124928K, used 69648K [0x00000000a0000000, 0x0000000100000000)
  region size 1024K, 1 young (1024K), 1 survivors (1024K)
 Metaspace       used 76738K, committed 77312K, reserved 1122304K
  class space    used 10196K, committed 10432K, reserved 1048576K
}
Event: 54.800 GC heap before
{Heap before GC invocations=42 (full 0):
 garbage-first heap   total 124928K, used 107536K [0x00000000a0000000, 0x0000000100000000)
  region size 1024K, 38 young (38912K), 1 survivors (1024K)
 Metaspace       used 76741K, committed 77312K, reserved 1122304K
  class space    used 10197K, committed 10432K, reserved 1048576K
}
Event: 54.803 GC heap after
{Heap after GC invocations=43 (full 0):
 garbage-first heap   total 124928K, used 69646K [0x00000000a0000000, 0x0000000100000000)
  region size 1024K, 1 young (1024K), 1 survivors (1024K)
 Metaspace       used 76741K, committed 77312K, reserved 1122304K
  class space    used 10197K, committed 10432K, reserved 1048576K
}
Event: 62.479 GC heap before
{Heap before GC invocations=43 (full 0):
 garbage-first heap   total 124928K, used 108558K [0x00000000a0000000, 0x0000000100000000)
  region size 1024K, 39 young (39936K), 1 survivors (1024K)
 Metaspace       used 76741K, committed 77312K, reserved 1122304K
  class space    used 10197K, committed 10432K, reserved 1048576K
}
Event: 62.480 GC heap after
{Heap after GC invocations=44 (full 0):
 garbage-first heap   total 124928K, used 69670K [0x00000000a0000000, 0x0000000100000000)
  region size 1024K, 1 young (1024K), 1 survivors (1024K)
 Metaspace       used 76741K, committed 77312K, reserved 1122304K
  class space    used 10197K, committed 10432K, reserved 1048576K
}
Event: 68.643 GC heap before
{Heap before GC invocations=44 (full 0):
 garbage-first heap   total 124928K, used 108582K [0x00000000a0000000, 0x0000000100000000)
  region size 1024K, 39 young (39936K), 1 survivors (1024K)
 Metaspace       used 76741K, committed 77312K, reserved 1122304K
  class space    used 10197K, committed 10432K, reserved 1048576K
}
Event: 68.646 GC heap after
{Heap after GC invocations=45 (full 0):
 garbage-first heap   total 124928K, used 69648K [0x00000000a0000000, 0x0000000100000000)
  region size 1024K, 1 young (1024K), 1 survivors (1024K)
 Metaspace       used 76741K, committed 77312K, reserved 1122304K
  class space    used 10197K, committed 10432K, reserved 1048576K
}
Event: 75.159 GC heap before
{Heap before GC invocations=45 (full 0):
 garbage-first heap   total 124928K, used 108560K [0x00000000a0000000, 0x0000000100000000)
  region size 1024K, 39 young (39936K), 1 survivors (1024K)
 Metaspace       used 76751K, committed 77312K, reserved 1122304K
  class space    used 10197K, committed 10432K, reserved 1048576K
}
Event: 75.160 GC heap after
{Heap after GC invocations=46 (full 0):
 garbage-first heap   total 124928K, used 69648K [0x00000000a0000000, 0x0000000100000000)
  region size 1024K, 1 young (1024K), 1 survivors (1024K)
 Metaspace       used 76751K, committed 77312K, reserved 1122304K
  class space    used 10197K, committed 10432K, reserved 1048576K
}
Event: 79.434 GC heap before
{Heap before GC invocations=46 (full 0):
 garbage-first heap   total 124928K, used 108560K [0x00000000a0000000, 0x0000000100000000)
  region size 1024K, 39 young (39936K), 1 survivors (1024K)
 Metaspace       used 76751K, committed 77312K, reserved 1122304K
  class space    used 10197K, committed 10432K, reserved 1048576K
}
Event: 79.437 GC heap after
{Heap after GC invocations=47 (full 0):
 garbage-first heap   total 124928K, used 69656K [0x00000000a0000000, 0x0000000100000000)
  region size 1024K, 1 young (1024K), 1 survivors (1024K)
 Metaspace       used 76751K, committed 77312K, reserved 1122304K
  class space    used 10197K, committed 10432K, reserved 1048576K
}
Event: 89.228 GC heap before
{Heap before GC invocations=47 (full 0):
 garbage-first heap   total 124928K, used 109592K [0x00000000a0000000, 0x0000000100000000)
  region size 1024K, 40 young (40960K), 1 survivors (1024K)
 Metaspace       used 79004K, committed 79552K, reserved 1122304K
  class space    used 10439K, committed 10688K, reserved 1048576K
}
Event: 89.230 GC heap after
{Heap after GC invocations=48 (full 0):
 garbage-first heap   total 124928K, used 70065K [0x00000000a0000000, 0x0000000100000000)
  region size 1024K, 1 young (1024K), 1 survivors (1024K)
 Metaspace       used 79004K, committed 79552K, reserved 1122304K
  class space    used 10439K, committed 10688K, reserved 1048576K
}

