# JRE version: OpenJDK Runtime Environment (17.0.6) (build 17.0.6+0-b2043.56-10027231)
# Java VM: OpenJDK 64-Bit Server VM (17.0.6+0-b2043.56-10027231, mixed mode, tiered, compressed oops, compressed class ptrs, g1 gc, windows-amd64)
GC Precious Log:
 CPUs: 8 total, 8 available
 Memory: 16219M
 Large Page Support: Disabled
 NUMA Support: Disabled
 Compressed Oops: Enabled (32-bit)
 Heap Region Size: 1M
 Heap Min Capacity: 8M
 Heap Initial Capacity: 254M
 Heap Max Capacity: 1536M
 Pre-touch: Disabled
 Parallel Workers: 8
 Concurrent Workers: 2
 Concurrent Refinement Workers: 8
 Periodic GC: Disabled
Heap:
 garbage-first heap   total 440320K, used 266807K [0x00000000a0000000, 0x0000000100000000)
  region size 1024K, 60 young (61440K), 18 survivors (18432K)
 Metaspace       used 176688K, committed 179136K, reserved 1204224K
  class space    used 22994K, committed 24128K, reserved 1048576K
GC Heap History (20 events):
Event: 472.997 GC heap before
{Heap before GC invocations=69 (full 0):
 garbage-first heap   total 440320K, used 366945K [0x00000000a0000000, 0x0000000100000000)
  region size 1024K, 160 young (163840K), 23 survivors (23552K)
 Metaspace       used 146253K, committed 147456K, reserved 1179648K
  class space    used 19110K, committed 19712K, reserved 1048576K
}
Event: 473.010 GC heap after
{Heap after GC invocations=70 (full 0):
 garbage-first heap   total 440320K, used 201658K [0x00000000a0000000, 0x0000000100000000)
  region size 1024K, 10 young (10240K), 10 survivors (10240K)
 Metaspace       used 146253K, committed 147456K, reserved 1179648K
  class space    used 19110K, committed 19712K, reserved 1048576K
}
Event: 2143.820 GC heap before
{Heap before GC invocations=70 (full 0):
 garbage-first heap   total 440320K, used 355258K [0x00000000a0000000, 0x0000000100000000)
  region size 1024K, 161 young (164864K), 10 survivors (10240K)
 Metaspace       used 149796K, committed 151104K, reserved 1187840K
  class space    used 19526K, committed 20160K, reserved 1048576K
}
Event: 2143.828 GC heap after
{Heap after GC invocations=71 (full 0):
 garbage-first heap   total 440320K, used 197145K [0x00000000a0000000, 0x0000000100000000)
  region size 1024K, 6 young (6144K), 6 survivors (6144K)
 Metaspace       used 149796K, committed 151104K, reserved 1187840K
  class space    used 19526K, committed 20160K, reserved 1048576K
}
Event: 2306.086 GC heap before
{Heap before GC invocations=71 (full 0):
 garbage-first heap   total 440320K, used 359961K [0x00000000a0000000, 0x0000000100000000)
  region size 1024K, 165 young (168960K), 6 survivors (6144K)
 Metaspace       used 162002K, committed 163520K, reserved 1196032K
  class space    used 21181K, committed 21888K, reserved 1048576K
}
Event: 2306.097 GC heap after
{Heap after GC invocations=72 (full 0):
 garbage-first heap   total 440320K, used 201584K [0x00000000a0000000, 0x0000000100000000)
  region size 1024K, 10 young (10240K), 10 survivors (10240K)
 Metaspace       used 162002K, committed 163520K, reserved 1196032K
  class space    used 21181K, committed 21888K, reserved 1048576K
}
Event: 2534.705 GC heap before
{Heap before GC invocations=72 (full 0):
 garbage-first heap   total 440320K, used 362352K [0x00000000a0000000, 0x0000000100000000)
  region size 1024K, 168 young (172032K), 10 survivors (10240K)
 Metaspace       used 165769K, committed 167488K, reserved 1196032K
  class space    used 21644K, committed 22464K, reserved 1048576K
}
Event: 2534.725 GC heap after
{Heap after GC invocations=73 (full 0):
 garbage-first heap   total 440320K, used 207491K [0x00000000a0000000, 0x0000000100000000)
  region size 1024K, 16 young (16384K), 16 survivors (16384K)
 Metaspace       used 165769K, committed 167488K, reserved 1196032K
  class space    used 21644K, committed 22464K, reserved 1048576K
}
Event: 2551.436 GC heap before
{Heap before GC invocations=73 (full 0):
 garbage-first heap   total 440320K, used 365187K [0x00000000a0000000, 0x0000000100000000)
  region size 1024K, 171 young (175104K), 16 survivors (16384K)
 Metaspace       used 166791K, committed 168640K, reserved 1196032K
  class space    used 21792K, committed 22720K, reserved 1048576K
}
Event: 2551.453 GC heap after
{Heap after GC invocations=74 (full 0):
 garbage-first heap   total 440320K, used 207872K [0x00000000a0000000, 0x0000000100000000)
  region size 1024K, 8 young (8192K), 8 survivors (8192K)
 Metaspace       used 166791K, committed 168640K, reserved 1196032K
  class space    used 21792K, committed 22720K, reserved 1048576K
}
Event: 2721.225 GC heap before
{Heap before GC invocations=74 (full 0):
 garbage-first heap   total 440320K, used 367616K [0x00000000a0000000, 0x0000000100000000)
  region size 1024K, 165 young (168960K), 8 survivors (8192K)
 Metaspace       used 167424K, committed 169344K, reserved 1196032K
  class space    used 21860K, committed 22784K, reserved 1048576K
}
Event: 2721.233 GC heap after
{Heap after GC invocations=75 (full 0):
 garbage-first heap   total 440320K, used 206848K [0x00000000a0000000, 0x0000000100000000)
  region size 1024K, 7 young (7168K), 7 survivors (7168K)
 Metaspace       used 167424K, committed 169344K, reserved 1196032K
  class space    used 21860K, committed 22784K, reserved 1048576K
}
Event: 3971.412 GC heap before
{Heap before GC invocations=75 (full 0):
 garbage-first heap   total 440320K, used 370688K [0x00000000a0000000, 0x0000000100000000)
  region size 1024K, 168 young (172032K), 7 survivors (7168K)
 Metaspace       used 168859K, committed 171136K, reserved 1204224K
  class space    used 22151K, committed 23232K, reserved 1048576K
}
Event: 3971.426 GC heap after
{Heap after GC invocations=76 (full 0):
 garbage-first heap   total 440320K, used 208750K [0x00000000a0000000, 0x0000000100000000)
  region size 1024K, 9 young (9216K), 9 survivors (9216K)
 Metaspace       used 168859K, committed 171136K, reserved 1204224K
  class space    used 22151K, committed 23232K, reserved 1048576K
}
Event: 4653.353 GC heap before
{Heap before GC invocations=76 (full 0):
 garbage-first heap   total 440320K, used 373614K [0x00000000a0000000, 0x0000000100000000)
  region size 1024K, 170 young (174080K), 9 survivors (9216K)
 Metaspace       used 176029K, committed 178496K, reserved 1204224K
  class space    used 22979K, committed 24128K, reserved 1048576K
}
Event: 4653.370 GC heap after
{Heap after GC invocations=77 (full 0):
 garbage-first heap   total 440320K, used 214016K [0x00000000a0000000, 0x0000000100000000)
  region size 1024K, 14 young (14336K), 14 survivors (14336K)
 Metaspace       used 176029K, committed 178496K, reserved 1204224K
  class space    used 22979K, committed 24128K, reserved 1048576K
}
Event: 4656.338 GC heap before
{Heap before GC invocations=77 (full 0):
 garbage-first heap   total 440320K, used 379903K [0x00000000a0000000, 0x0000000100000000)
  region size 1024K, 169 young (173056K), 14 survivors (14336K)
 Metaspace       used 176601K, committed 179008K, reserved 1204224K
  class space    used 22994K, committed 24128K, reserved 1048576K
}
Event: 4656.354 GC heap after
{Heap after GC invocations=78 (full 0):
 garbage-first heap   total 440320K, used 217895K [0x00000000a0000000, 0x0000000100000000)
  region size 1024K, 11 young (11264K), 11 survivors (11264K)
 Metaspace       used 176601K, committed 179008K, reserved 1204224K
  class space    used 22994K, committed 24128K, reserved 1048576K
}
Event: 4657.359 GC heap before
{Heap before GC invocations=78 (full 0):
 garbage-first heap   total 440320K, used 380711K [0x00000000a0000000, 0x0000000100000000)
  region size 1024K, 163 young (166912K), 11 survivors (11264K)
 Metaspace       used 176646K, committed 179136K, reserved 1204224K
  class space    used 22994K, committed 24128K, reserved 1048576K
}
Event: 4657.375 GC heap after
{Heap after GC invocations=79 (full 0):
 garbage-first heap   total 440320K, used 225847K [0x00000000a0000000, 0x0000000100000000)
  region size 1024K, 18 young (18432K), 18 survivors (18432K)
 Metaspace       used 176646K, committed 179136K, reserved 1204224K
  class space    used 22994K, committed 24128K, reserved 1048576K
}

