# JRE version: OpenJDK Runtime Environment (17.0.6) (build 17.0.6+0-b2043.56-10027231)
# Java VM: OpenJDK 64-Bit Server VM (17.0.6+0-b2043.56-10027231, mixed mode, tiered, compressed oops, compressed class ptrs, g1 gc, windows-amd64)
GC Precious Log:
 CPUs: 8 total, 8 available
 Memory: 16219M
 Large Page Support: Disabled
 NUMA Support: Disabled
 Compressed Oops: Enabled (32-bit)
 Heap Region Size: 1M
 Heap Min Capacity: 8M
 Heap Initial Capacity: 254M
 Heap Max Capacity: 1536M
 Pre-touch: Disabled
 Parallel Workers: 8
 Concurrent Workers: 2
 Concurrent Refinement Workers: 8
 Periodic GC: Disabled
Heap:
 garbage-first heap   total 190464K, used 117288K [0x00000000a0000000, 0x0000000100000000)
  region size 1024K, 39 young (39936K), 4 survivors (4096K)
 Metaspace       used 96164K, committed 96960K, reserved 1138688K
  class space    used 12461K, committed 12864K, reserved 1048576K
GC Heap History (20 events):
Event: 12.246 GC heap before
{Heap before GC invocations=21 (full 0):
 garbage-first heap   total 190464K, used 93160K [0x00000000a0000000, 0x0000000100000000)
  region size 1024K, 42 young (43008K), 2 survivors (2048K)
 Metaspace       used 73841K, committed 74368K, reserved 1114112K
  class space    used 9899K, committed 10176K, reserved 1048576K
}
Event: 12.252 GC heap after
{Heap after GC invocations=22 (full 0):
 garbage-first heap   total 190464K, used 55628K [0x00000000a0000000, 0x0000000100000000)
  region size 1024K, 4 young (4096K), 4 survivors (4096K)
 Metaspace       used 73841K, committed 74368K, reserved 1114112K
  class space    used 9899K, committed 10176K, reserved 1048576K
}
Event: 14.198 GC heap before
{Heap before GC invocations=23 (full 0):
 garbage-first heap   total 190464K, used 149836K [0x00000000a0000000, 0x0000000100000000)
  region size 1024K, 96 young (98304K), 4 survivors (4096K)
 Metaspace       used 79920K, committed 80512K, reserved 1122304K
  class space    used 10771K, committed 11008K, reserved 1048576K
}
Event: 14.220 GC heap after
{Heap after GC invocations=24 (full 0):
 garbage-first heap   total 190464K, used 65881K [0x00000000a0000000, 0x0000000100000000)
  region size 1024K, 12 young (12288K), 12 survivors (12288K)
 Metaspace       used 79920K, committed 80512K, reserved 1122304K
  class space    used 10771K, committed 11008K, reserved 1048576K
}
Event: 15.574 GC heap before
{Heap before GC invocations=25 (full 0):
 garbage-first heap   total 190464K, used 137561K [0x00000000a0000000, 0x0000000100000000)
  region size 1024K, 83 young (84992K), 12 survivors (12288K)
 Metaspace       used 82704K, committed 83264K, reserved 1122304K
  class space    used 11150K, committed 11392K, reserved 1048576K
}
Event: 15.587 GC heap after
{Heap after GC invocations=26 (full 0):
 garbage-first heap   total 190464K, used 70986K [0x00000000a0000000, 0x0000000100000000)
  region size 1024K, 5 young (5120K), 5 survivors (5120K)
 Metaspace       used 82704K, committed 83264K, reserved 1122304K
  class space    used 11150K, committed 11392K, reserved 1048576K
}
Event: 15.645 GC heap before
{Heap before GC invocations=26 (full 0):
 garbage-first heap   total 190464K, used 75082K [0x00000000a0000000, 0x0000000100000000)
  region size 1024K, 9 young (9216K), 5 survivors (5120K)
 Metaspace       used 83167K, committed 83712K, reserved 1122304K
  class space    used 11216K, committed 11456K, reserved 1048576K
}
Event: 15.650 GC heap after
{Heap after GC invocations=27 (full 0):
 garbage-first heap   total 190464K, used 71583K [0x00000000a0000000, 0x0000000100000000)
  region size 1024K, 1 young (1024K), 1 survivors (1024K)
 Metaspace       used 83167K, committed 83712K, reserved 1122304K
  class space    used 11216K, committed 11456K, reserved 1048576K
}
Event: 16.845 GC heap before
{Heap before GC invocations=27 (full 0):
 garbage-first heap   total 190464K, used 144287K [0x00000000a0000000, 0x0000000100000000)
  region size 1024K, 73 young (74752K), 1 survivors (1024K)
 Metaspace       used 86384K, committed 86976K, reserved 1130496K
  class space    used 11632K, committed 11904K, reserved 1048576K
}
Event: 16.854 GC heap after
{Heap after GC invocations=28 (full 0):
 garbage-first heap   total 190464K, used 75942K [0x00000000a0000000, 0x0000000100000000)
  region size 1024K, 6 young (6144K), 6 survivors (6144K)
 Metaspace       used 86384K, committed 86976K, reserved 1130496K
  class space    used 11632K, committed 11904K, reserved 1048576K
}
Event: 19.975 GC heap before
{Heap before GC invocations=28 (full 0):
 garbage-first heap   total 190464K, used 147622K [0x00000000a0000000, 0x0000000100000000)
  region size 1024K, 77 young (78848K), 6 survivors (6144K)
 Metaspace       used 88443K, committed 89088K, reserved 1130496K
  class space    used 11836K, committed 12160K, reserved 1048576K
}
Event: 19.986 GC heap after
{Heap after GC invocations=29 (full 0):
 garbage-first heap   total 190464K, used 83229K [0x00000000a0000000, 0x0000000100000000)
  region size 1024K, 8 young (8192K), 8 survivors (8192K)
 Metaspace       used 88443K, committed 89088K, reserved 1130496K
  class space    used 11836K, committed 12160K, reserved 1048576K
}
Event: 314.252 GC heap before
{Heap before GC invocations=29 (full 0):
 garbage-first heap   total 190464K, used 166173K [0x00000000a0000000, 0x0000000100000000)
  region size 1024K, 74 young (75776K), 8 survivors (8192K)
 Metaspace       used 93975K, committed 94592K, reserved 1138688K
  class space    used 12380K, committed 12672K, reserved 1048576K
}
Event: 314.260 GC heap after
{Heap after GC invocations=30 (full 0):
 garbage-first heap   total 190464K, used 82536K [0x00000000a0000000, 0x0000000100000000)
  region size 1024K, 4 young (4096K), 4 survivors (4096K)
 Metaspace       used 93975K, committed 94592K, reserved 1138688K
  class space    used 12380K, committed 12672K, reserved 1048576K
}
Event: 440.125 GC heap before
{Heap before GC invocations=30 (full 0):
 garbage-first heap   total 190464K, used 152168K [0x00000000a0000000, 0x0000000100000000)
  region size 1024K, 73 young (74752K), 4 survivors (4096K)
 Metaspace       used 94892K, committed 95616K, reserved 1138688K
  class space    used 12409K, committed 12736K, reserved 1048576K
}
Event: 440.134 GC heap after
{Heap after GC invocations=31 (full 0):
 garbage-first heap   total 190464K, used 84486K [0x00000000a0000000, 0x0000000100000000)
  region size 1024K, 6 young (6144K), 6 survivors (6144K)
 Metaspace       used 94892K, committed 95616K, reserved 1138688K
  class space    used 12409K, committed 12736K, reserved 1048576K
}
Event: 472.831 GC heap before
{Heap before GC invocations=31 (full 0):
 garbage-first heap   total 190464K, used 152070K [0x00000000a0000000, 0x0000000100000000)
  region size 1024K, 73 young (74752K), 6 survivors (6144K)
 Metaspace       used 95453K, committed 96192K, reserved 1138688K
  class space    used 12431K, committed 12800K, reserved 1048576K
}
Event: 472.836 GC heap after
{Heap after GC invocations=32 (full 0):
 garbage-first heap   total 190464K, used 81450K [0x00000000a0000000, 0x0000000100000000)
  region size 1024K, 2 young (2048K), 2 survivors (2048K)
 Metaspace       used 95453K, committed 96192K, reserved 1138688K
  class space    used 12431K, committed 12800K, reserved 1048576K
}
Event: 724.919 GC heap before
{Heap before GC invocations=32 (full 0):
 garbage-first heap   total 190464K, used 154154K [0x00000000a0000000, 0x0000000100000000)
  region size 1024K, 74 young (75776K), 2 survivors (2048K)
 Metaspace       used 95920K, committed 96704K, reserved 1138688K
  class space    used 12453K, committed 12800K, reserved 1048576K
}
Event: 724.926 GC heap after
{Heap after GC invocations=33 (full 0):
 garbage-first heap   total 190464K, used 83496K [0x00000000a0000000, 0x0000000100000000)
  region size 1024K, 4 young (4096K), 4 survivors (4096K)
 Metaspace       used 95920K, committed 96704K, reserved 1138688K
  class space    used 12453K, committed 12800K, reserved 1048576K
}

